<?xml version="1.0" encoding="utf-8"?><testsuites><testsuite name="pytest" errors="0" failures="0" skipped="0" tests="7" time="2.096" timestamp="2025-02-09T01:54:25.446244-06:00" hostname="ubuntu-linux-22-04-02-desktop"><testcase classname="bank_system.test_account" name="test_initial_balance" time="0.001" /><testcase classname="bank_system.test_account" name="test_deposit" time="0.001" /><testcase classname="bank_system.test_account" name="test_withdraw" time="0.001" /><testcase classname="bank_system.test_account" name="test_insufficient_funds" time="0.001" /><testcase classname="bank_system.test_account" name="test_negative_deposit" time="0.002" /><testcase classname="bank_system.test_account" name="test_interest" time="0.001" /><testcase classname="bank_system.test_account" name="test_statement_filtering" time="2.004" /></testsuite></testsuites>